2026-01-19 16:14:40,606 - INFO - Starting Read Thread
2026-01-19 16:14:40,607 - INFO - Starting Write Thread
2026-01-19 16:14:40,611 - INFO - Applied FSR offset of: [-1.8057717176364454, -1.9037052452492733, -1.3497345303919266, -1.213760001899335, -1.575698579976985, -1.2109520622180003, -2.781883291598023, -1.1968923357108892, -2.0510816682108977, -1.651694594421582, -2.5706393131567884, -2.620994711148295, -4.839858427983539, -2.919409359609914, -1.148838211028885, -1.1374746212664277, -1.9901515865128658, -3.5280315023868623, -1.346990807511737, -1.294614231077576, -1.2053321800902828, -1.5572024831719684, -2.0462320048554403, -1.6282176884306985, -2.6013482330259845, -1.2529316242309512, -1.244559569500355, -1.3907363760523852, -1.2807528290840415, -2.3893573525764378]
2026-01-19 16:14:40,876 - WARNING - Checksum failed on bytearray(b'\x00\x00\xfe\x19\xf2\xff\xfe\x19\xe7\xff\x02\x1a\xf4\xff\x1a\x1a\xe2\xff{\xe6\xff\xffPq\x17\xa0\x10\x07\xf6@\x07\xf1\xc2\x06\xb1Q\x11\x92\xb2*\xbc\x973_\xa0\x05\x9c1G\xa9 \trP\x0f\xb4\xd1\x10\x93\x12\x08~\xc0\n\x8c\xa0!\x00')
2026-01-19 16:14:40,876 - WARNING - Anticipated 90 Received 88
2026-01-19 16:14:43,427 - WARNING - Checksum failed on bytearray(b'\x00\x00\xfe\x19\xf4\xff\xfe\x19\xe7\xff\x02\x1a\xf5\xff\x1b\x1a\xe2\xff\x82\xe6\xf7\xffQq\x17\xa1 \x07\xf5 \x07\xf8\xe2\x06\x9ba\x11\x96\xe2*\xc1\x973^\x90\x05\x9d1G\xa7 \tq@\x0f\xb4\xd1\x10\x96"\x08\x81\x00\x0b\x8f@"\x00')
2026-01-19 16:14:43,427 - WARNING - Anticipated 52 Received 51
2026-01-19 16:14:58,938 - WARNING - Checksum failed on bytearray(b'\x00\x00u*\x07\x00\x81*\t\x00z*\x01\x00J*\x15\x00E\xd5\x01\x00^\x91\x17\xaf0\x07\xf2 \x07\xf0\x92\x05\xa5\xd1\x11m")S\xd73a\x00\x06\xb7!Dv\xe0\x08p@\x0fG\xb1\x10y"\x08\x80\xe0\n\x8f\xc0#\x00')
2026-01-19 16:14:58,938 - WARNING - Anticipated 14 Received 81
2026-01-19 16:15:08,838 - WARNING - Checksum failed on bytearray(b"\x00\x00\xe0*\x03\x00\x85*\t\x00\x7f*\x03\x00K*\x16\x00[\xd5\xe5\xffE\xb1\x18\xa5@\x07\xe3 \x07\xf8b\x05\xe0\x91\x11k2\'s\xd73a\xa0\x061\x01Fu\x90\x08q@\x0fb\x81\x12_\x12\x08\x80\x80\n\x93\xe0\x1f\x00")
2026-01-19 16:15:08,838 - WARNING - Anticipated 116 Received 8
2026-01-19 16:15:09,408 - WARNING - Checksum failed on bytearray(b'\x00\x00\x81*\x03\x00\x85*\x07\x00\x7f*\x03\x00K*\x17\x00Q\xd5\xea\xffE\x91\x18\xa5P\x07\xe7P\x07\xf2b\x05\xe7\xa1\x11r"\'w\x174a\x90\x06=!Fv`\x08p0\x0fc\xa1\x12\\"\x08\x80 \n\x8d\x00 \x00')
2026-01-19 16:15:09,408 - WARNING - Anticipated 163 Received 217
2026-01-19 16:15:10,908 - WARNING - Checksum failed on bytearray(b"\x00\x00\xf0*\x02\x00\x85*\t\x00\x7f*\x02\x00L*\x16\x00[\xd5\xeb\xffF\x91\x18\xa7\x10\x07\xe50\x07\t\xa3\x05\xe9\xb1\x11tr\'r\'4`\x80\x06I\xb1Ey\x80\x08pP\x0fd\xb1\x12_2\x08\x81\xa0\n\x93\x10 \x00")
2026-01-19 16:15:10,908 - WARNING - Anticipated 57 Received 220
2026-01-19 16:15:11,028 - WARNING - Checksum failed on bytearray(b"\x00\x00\x81*\x03\x00\x85*\t\x00\x7f*\x03\x00K*\x17\x00H\xd5\xec\xffG\xb1\x18\xa8P\x07\xe8@\x07\x03s\x05\xe3\x91\x11o\x92\'|\x874a\xa0\x06JqFx\x90\x08p0\x0fe\xa1\x12\\\x12\x08\x80 \n\x8e\x00 \x00")
2026-01-19 16:15:11,028 - WARNING - Anticipated 16 Received 67
2026-01-19 16:15:13,698 - WARNING - Checksum failed on bytearray(b"\x00\x00\xf0*\x02\x00\x85*\t\x00\x7f*\x02\x00K*\x17\x00[\xd5\xf0\xffF\xa1\x18\xa7\x10\x07\xeb0\x07\xe7R\x05\xe2q\x11dB\'}\xd73a\xa0\x06RQFw\x80\x08r\xf0\x0fe\x11\x13[\x12\x08~`\n\x8e\xd0\x1f\x00")
2026-01-19 16:15:13,698 - WARNING - Anticipated 62 Received 226
2026-01-19 16:15:14,626 - WARNING - Checksum failed on bytearray(b'\x00\x00\x81*\x04\x00\x85*\t\x00\x7f*\x02\x00K*\x15\x00H\xd5\xf0\xffH\xa1\x18\xa7\x00\x07\xe7\x10\x07\xf9\xa2\x05\xee\xa1\x11m\xb2\'\x82\xf73`\x80\x06U\x11Fy\xa0\x08o\xd0\x11f\x11\x13Y"\x08\x7f@\n\x8d\x10 \x00')
2026-01-19 16:15:14,626 - WARNING - Anticipated 227 Received 24
2026-01-19 16:15:19,908 - WARNING - Checksum failed on bytearray(b"\x00\x00y*\x03\x00\x93*\x05\x00\x82*\x03\x002*\x1a\x00y\xd5\xde\xffE\x91\x18\xa5 \x07\xed0\x07\x0e\x93\x05\xe3\xc1\x11\x82r\'\x85\x874a\xc0\x06a\xe1Fv\x90\x08rP\x11g\xa1\x12j2\x08\x81\xe0\n\x91` \x00")
2026-01-19 16:15:19,908 - WARNING - Anticipated 234 Received 36
2026-01-19 16:15:20,658 - WARNING - Checksum failed on bytearray(b"\x00\x00y*\x02\x00\x93*\x05\x00\x82*\x03\x002*\x1a\x00g\xd5\xe2\xffE\xb1\x18\xa5\x10\x07\xed \x07\x0bs\x05\xda\x91\x11\x812\'\x84\x174`\xa0\x06WAFy\xa0\x08q\xb0\x11e\xd1\x12h\x12\x08\x7f`\n\x8c0 \x00")
2026-01-19 16:15:20,658 - WARNING - Anticipated 11 Received 68
2026-01-19 16:15:24,227 - WARNING - Checksum failed on bytearray(b"\x00\x00y*\x04\x00\x93*\x06\x00\x82*\x02\x002*\x1a\x00K\xd5\xe9\xffJ\xd1\x18\xa70\x07\xf1 \x07\x18\x93\x05\x05\xe2\x11\x8ab\'\x92\xb73a\xe0\x06fAGxp\x08r`\x11g\xf1\x12g\x12\x08\x7fp\n\x8e` \x00")
2026-01-19 16:15:24,227 - WARNING - Anticipated 16 Received 73
2026-01-19 16:15:30,586 - WARNING - Checksum failed on bytearray(b"\x00\x00\x01\x00y*\x03\x00\x93*\x05\x00\x82*\x04\x002*\x1c\x00H\xd5\xf2\xffG\xd1\x18\xa6\x10\x07\xef \x07\x1f\xa3\x05\xf2\xc1\x11\x94\xa2\'\x9374a\xb0\x06]\x81Fzp\x08q`\x11o\xc1\x12i\x12\x08\x80\xb0\n\x8e@ \x00")
2026-01-19 16:15:30,586 - WARNING - Anticipated 124 Received 182
2026-01-19 16:15:33,438 - WARNING - Checksum failed on bytearray(b"\x00\x00\xde*\x03\x00\x93*\x05\x00\x82*\x04\x002*\x19\x00E\xd5\xf3\xffK\xd1\x18\xa7 \x07\xf60\x07\x1a\x93\x05\xf7\xa1\x11\x93b\'\xa7\xa74b\xd0\x06g\xb1Gv\x80\x08p\x00\x12sA\x13o2\x08\x81\xe0\n\x93\x90 \x00")
2026-01-19 16:15:33,438 - WARNING - Anticipated 165 Received 66
2026-01-19 16:15:34,846 - WARNING - Checksum failed on bytearray(b"\x00\x00x\xc0y*\x03\x00\x93*\x06\x00\x82*\x03\x002*\x1d\x00E\xd5\xf7\xffJ\xd1\x18\xa70\x07\xf60\x07\x11S\x05\xf1\xa1\x11\x902\'\x9aG4^\xa0\x06c\x11Gx\x90\x08q\xf0\x12y\x81\x13o2\x08\x81\xd0\n\x92\xb0 \x00")
2026-01-19 16:15:34,846 - WARNING - Anticipated 42 Received 155
2026-01-19 16:15:40,366 - WARNING - Checksum failed on bytearray(b'\x00\x00y*\x03\x00\x93*\x08\x00\x82*\x04\x002*\x1c\x00N\xd5\xfb\xffH\xb1\x18\xa6\x10\x07\xf70\x07\x1c\x93\x05\xf8\xd1\x11\x902\'\xa6\xe74`\x90\x06eaGw\x80\x08q`\x12}\x91\x13m"\x08\x80\x90\n\x8e\x80 \x00')
2026-01-19 16:15:40,366 - WARNING - Anticipated 55 Received 111
2026-01-19 16:15:40,996 - WARNING - Checksum failed on bytearray(b'\x00\x00^\xef*\x02\x00\x93*\x05\x00\x82*\x03\x003*\x1a\x00K\xd5\x02\x00I\xd1\x18\xa6@\x07\xfeP\x07\x16S\x05\xfb\xc1\x11\x8fR\'\xae\xb74a\xd0\x06i\xf1Gv\x80\x08qP\x12{\x91\x13l"\x08\x80\x90\n\x8e\x90 \x00')
2026-01-19 16:15:40,996 - WARNING - Anticipated 119 Received 131
2026-01-19 16:15:41,626 - WARNING - Checksum failed on bytearray(b"\x00\x00\x01\x00y*\x03\x00\x93*\x05\x00\x82*\x04\x002*\x1a\x00H\xd5\x03\x00K\xe1\x18\xa70\x07\xfd \x07\x19S\x05\xfc\xd1\x11\x91B\'\xa7W5`\xb0\x06e\xc1Gu\x80\x08q \x12|\x91\x13m\x12\x08\x80\x90\n\x8e\x80 \x00")
2026-01-19 16:15:41,626 - WARNING - Anticipated 125 Received 182
2026-01-19 16:15:56,446 - WARNING - Checksum failed on bytearray(b'\xc0\x00y*\x03\x00\x93*\x05\x00\x82*\x03\x004*\x18\x00K\xd5\xeb\xffM\xe1\x18\xa90\x07\xf7@\x07(\x93\x05\xf7\xe1\x11\xa5\x92(\xb8\xe74]\xa0\x06d\x11Hu\x80\x08p\xd0\x12{\x11\x14o"\x08\x80\x90\n\x8f\x80 \x00')
2026-01-19 16:15:56,446 - WARNING - Anticipated 217 Received 209
2026-01-19 16:16:04,876 - WARNING - Checksum failed on bytearray(b"\x00\x00\x00y*\x03\x00\x93*\x05\x00\x82*\x04\x004*\x1a\x00K\xd5\xf3\xffJ\xb1\x18\xa8\x10\x07\xf9`\x07\'S\x05\x04\xd2\x11\xaa\xb2(\xba75`\xa0\x06\x7f\x81Hv\x90\x08q\x00\x13y\xd1\x13q2\x08\x81p\n\x8e\xc0 \x00")
2026-01-19 16:16:04,876 - WARNING - Anticipated 203 Received 2
2026-01-19 16:16:05,386 - WARNING - Checksum failed on bytearray(b'\x00\x00\xde*\x04\x00\x93*\x06\x00\x82*\x03\x003*\x1b\x00Q\xd5\xf3\xffK\xd1\x18\xa70\x07\xf9 \x07+\xa3\x05\x05\xe2\x11\xac\xd2(\xbfw5`\xd0\x06\x7f\xb1Hz\xa0\x08q \x13|\xd1\x13r\x12\x08\x80\xe0\n\x91\x90 \x00')
2026-01-19 16:16:05,386 - WARNING - Anticipated 217 Received 118
2026-01-19 16:16:12,856 - WARNING - Checksum failed on bytearray(b'\x00\x00\xf9\x01\x00y*\x03\x00\x93*\x06\x00\x82*\x03\x004*\x19\x00[\xd5\xf8\xffL\xd1\x18\xa8@\x07\x01\x11\x07(c\x05\xff\xd1\x11\xae\xc2(\xbc\xb75a\xd0\x06\x811Iv\x90\x08p\xe0\x12}\x01\x14uB\x08\x81\xc0\n\x91\xd0 \x00')
2026-01-19 16:16:12,856 - WARNING - Anticipated 163 Received 212
2026-01-19 16:16:13,590 - INFO - Stopping Read Thread
